<?xml version="1.0" encoding="UTF-8"?>
<!-- Generated by org.testng.reporters.JUnitReportReporter -->
<testsuite skipped="0" hostname="JCPSIK4SY" name="tests.FacebookAssignmentTest" tests="1" failures="0" timestamp="22 May 2021 07:55:57 GMT" time="24.209" errors="0">
  <testcase name="executeTestScenarios" time="24.209" classname="tests.FacebookAssignmentTest"/>
</testsuite> <!-- tests.FacebookAssignmentTest -->
