<?xml version="1.0" encoding="UTF-8"?>
<!-- Generated by org.testng.reporters.JUnitReportReporter -->
<testsuite skipped="0" hostname="JCPSIK4SY" name="tests.FacebookAssignmentTest" tests="1" failures="0" timestamp="22 May 2021 15:44:40 GMT" time="41.685" errors="0">
  <testcase name="executeTestScenarios" time="41.685" classname="tests.FacebookAssignmentTest"/>
</testsuite> <!-- tests.FacebookAssignmentTest -->
